<?xml version="1.0" encoding="UTF-8"?>
<!-- Generated by org.testng.reporters.JUnitReportReporter -->
<testsuite hostname="Ravis-MacBook-Pro.local" failures="0" tests="1" name="com.saucedemo.testcases.BaseTest" time="1.781" errors="0" timestamp="2023-12-26T20:14:38 IST" skipped="0">
  <testcase classname="com.saucedemo.testcases.BaseTest" name="testBaseScenario" time="1.781"/>
  <system-out/>
</testsuite> <!-- com.saucedemo.testcases.BaseTest -->
